mode: atomic
github.com/nattadasu/genv/cmd/genv/main.go:15.13,16.22 1 0
github.com/nattadasu/genv/cmd/genv/main.go:16.22,19.3 2 0
github.com/nattadasu/genv/cmd/genv/main.go:21.2,23.17 2 0
github.com/nattadasu/genv/cmd/genv/main.go:24.14,25.22 1 0
github.com/nattadasu/genv/cmd/genv/main.go:27.36,28.43 1 0
github.com/nattadasu/genv/cmd/genv/main.go:30.30,31.15 1 0
github.com/nattadasu/genv/cmd/genv/main.go:33.10,36.13 3 0
github.com/nattadasu/genv/cmd/genv/main.go:40.26,46.51 5 0
github.com/nattadasu/genv/cmd/genv/main.go:46.51,49.3 2 0
github.com/nattadasu/genv/cmd/genv/main.go:51.2,51.15 1 0
github.com/nattadasu/genv/cmd/genv/main.go:51.15,54.3 2 0
github.com/nattadasu/genv/cmd/genv/main.go:56.2,56.24 1 0
github.com/nattadasu/genv/cmd/genv/main.go:56.24,61.3 4 0
github.com/nattadasu/genv/cmd/genv/main.go:63.2,64.51 2 0
github.com/nattadasu/genv/cmd/genv/main.go:67.66,69.16 2 0
github.com/nattadasu/genv/cmd/genv/main.go:69.16,72.3 2 0
github.com/nattadasu/genv/cmd/genv/main.go:74.2,74.19 1 0
github.com/nattadasu/genv/cmd/genv/main.go:77.19,106.2 28 0
github.com/nattadasu/genv/cmd/genv/main.go:108.22,146.2 37 0
github.com/nattadasu/genv/internal/parser/parser.go:31.45,33.16 2 0
github.com/nattadasu/genv/internal/parser/parser.go:33.16,35.3 1 0
github.com/nattadasu/genv/internal/parser/parser.go:37.2,38.33 2 0
github.com/nattadasu/genv/internal/parser/parser.go:42.62,44.2 1 0
github.com/nattadasu/genv/internal/parser/parser.go:47.54,49.16 2 3
github.com/nattadasu/genv/internal/parser/parser.go:49.16,51.3 1 1
github.com/nattadasu/genv/internal/parser/parser.go:53.2,54.57 2 2
github.com/nattadasu/genv/internal/parser/parser.go:54.57,56.3 1 1
github.com/nattadasu/genv/internal/parser/parser.go:58.2,59.20 2 1
github.com/nattadasu/genv/internal/parser/parser.go:63.70,69.29 4 2
github.com/nattadasu/genv/internal/parser/parser.go:69.29,71.3 1 7
github.com/nattadasu/genv/internal/parser/parser.go:74.2,74.36 1 2
github.com/nattadasu/genv/internal/parser/parser.go:74.36,77.28 2 7
github.com/nattadasu/genv/internal/parser/parser.go:78.22,80.27 2 2
github.com/nattadasu/genv/internal/parser/parser.go:80.27,82.5 1 4
github.com/nattadasu/genv/internal/parser/parser.go:83.15,87.61 2 3
github.com/nattadasu/genv/internal/parser/parser.go:87.61,89.5 1 0
github.com/nattadasu/genv/internal/parser/parser.go:92.4,92.36 1 3
github.com/nattadasu/genv/internal/parser/parser.go:92.36,93.57 1 11
github.com/nattadasu/genv/internal/parser/parser.go:93.57,94.47 1 0
github.com/nattadasu/genv/internal/parser/parser.go:94.47,95.86 1 0
github.com/nattadasu/genv/internal/parser/parser.go:95.86,97.8 1 0
github.com/nattadasu/genv/internal/parser/parser.go:101.11,102.50 1 2
github.com/nattadasu/genv/internal/parser/parser.go:105.3,105.36 1 7
github.com/nattadasu/genv/internal/parser/parser.go:109.2,114.3 2 2
github.com/nattadasu/genv/internal/parser/parser.go:118.39,121.2 2 0
github.com/nattadasu/genv/internal/parser/parser.go:124.36,129.28 3 2
github.com/nattadasu/genv/internal/parser/parser.go:129.28,130.39 1 7
github.com/nattadasu/genv/internal/parser/parser.go:130.39,132.4 1 1
github.com/nattadasu/genv/internal/parser/parser.go:132.9,134.4 1 6
github.com/nattadasu/genv/internal/parser/parser.go:138.2,138.41 1 2
github.com/nattadasu/genv/internal/parser/parser.go:138.41,139.44 1 4
github.com/nattadasu/genv/internal/parser/parser.go:139.44,140.45 1 6
github.com/nattadasu/genv/internal/parser/parser.go:140.45,142.5 1 2
github.com/nattadasu/genv/internal/parser/parser.go:147.2,148.43 2 2
github.com/nattadasu/genv/internal/parser/parser.go:152.52,154.22 1 6
github.com/nattadasu/genv/internal/parser/parser.go:154.22,157.3 1 1
github.com/nattadasu/genv/internal/parser/parser.go:160.2,160.36 1 5
github.com/nattadasu/genv/internal/parser/parser.go:160.36,162.17 2 1
github.com/nattadasu/genv/internal/parser/parser.go:162.17,164.4 1 1
github.com/nattadasu/genv/internal/parser/parser.go:165.8,165.25 1 4
github.com/nattadasu/genv/internal/parser/parser.go:165.25,167.17 2 1
github.com/nattadasu/genv/internal/parser/parser.go:167.17,169.4 1 1
github.com/nattadasu/genv/internal/parser/parser.go:173.2,173.34 1 5
github.com/nattadasu/genv/internal/parser/parser.go:173.34,175.60 1 2
github.com/nattadasu/genv/internal/parser/parser.go:175.60,177.25 1 2
github.com/nattadasu/genv/internal/parser/parser.go:177.25,178.56 1 0
github.com/nattadasu/genv/internal/parser/parser.go:178.56,180.6 1 0
github.com/nattadasu/genv/internal/parser/parser.go:181.5,182.19 2 0
github.com/nattadasu/genv/internal/parser/parser.go:182.19,184.6 1 0
github.com/nattadasu/genv/internal/parser/parser.go:188.4,188.52 1 2
github.com/nattadasu/genv/internal/parser/parser.go:188.52,190.5 1 1
github.com/nattadasu/genv/internal/parser/parser.go:193.4,193.24 1 1
github.com/nattadasu/genv/internal/parser/parser.go:195.3,195.18 1 2
github.com/nattadasu/genv/internal/parser/parser.go:198.2,198.14 1 3
github.com/nattadasu/genv/internal/parser/parser.go:202.92,204.22 1 0
github.com/nattadasu/genv/internal/parser/parser.go:204.22,207.3 1 0
github.com/nattadasu/genv/internal/parser/parser.go:210.2,210.36 1 0
github.com/nattadasu/genv/internal/parser/parser.go:210.36,212.17 2 0
github.com/nattadasu/genv/internal/parser/parser.go:212.17,214.4 1 0
github.com/nattadasu/genv/internal/parser/parser.go:215.8,215.25 1 0
github.com/nattadasu/genv/internal/parser/parser.go:215.25,217.17 2 0
github.com/nattadasu/genv/internal/parser/parser.go:217.17,219.4 1 0
github.com/nattadasu/genv/internal/parser/parser.go:223.2,223.34 1 0
github.com/nattadasu/genv/internal/parser/parser.go:223.34,225.60 1 0
github.com/nattadasu/genv/internal/parser/parser.go:225.60,227.25 1 0
github.com/nattadasu/genv/internal/parser/parser.go:227.25,228.56 1 0
github.com/nattadasu/genv/internal/parser/parser.go:228.56,230.6 1 0
github.com/nattadasu/genv/internal/parser/parser.go:231.5,232.19 2 0
github.com/nattadasu/genv/internal/parser/parser.go:232.19,234.6 1 0
github.com/nattadasu/genv/internal/parser/parser.go:238.4,238.50 1 0
github.com/nattadasu/genv/internal/parser/parser.go:238.50,240.5 1 0
github.com/nattadasu/genv/internal/parser/parser.go:243.4,243.52 1 0
github.com/nattadasu/genv/internal/parser/parser.go:243.52,245.5 1 0
github.com/nattadasu/genv/internal/parser/parser.go:248.4,248.24 1 0
github.com/nattadasu/genv/internal/parser/parser.go:250.3,250.18 1 0
github.com/nattadasu/genv/internal/parser/parser.go:253.2,253.14 1 0
github.com/nattadasu/genv/internal/generator/generator.go:12.87,17.22 3 5
github.com/nattadasu/genv/internal/generator/generator.go:17.22,19.3 1 0
github.com/nattadasu/genv/internal/generator/generator.go:19.8,21.3 1 5
github.com/nattadasu/genv/internal/generator/generator.go:23.2,23.16 1 5
github.com/nattadasu/genv/internal/generator/generator.go:23.16,25.3 1 1
github.com/nattadasu/genv/internal/generator/generator.go:28.2,29.16 2 4
github.com/nattadasu/genv/internal/generator/generator.go:29.16,31.3 1 1
github.com/nattadasu/genv/internal/generator/generator.go:34.2,35.40 2 3
github.com/nattadasu/genv/internal/generator/generator.go:35.40,37.3 1 9
github.com/nattadasu/genv/internal/generator/generator.go:40.2,40.46 1 3
github.com/nattadasu/genv/internal/generator/generator.go:40.46,41.43 1 0
github.com/nattadasu/genv/internal/generator/generator.go:41.43,43.4 1 0
github.com/nattadasu/genv/internal/generator/generator.go:47.2,47.65 1 3
github.com/nattadasu/genv/internal/shells/cmd.go:13.34,15.2 1 0
github.com/nattadasu/genv/internal/shells/cmd.go:17.58,23.30 5 1
github.com/nattadasu/genv/internal/shells/cmd.go:23.30,24.21 1 2
github.com/nattadasu/genv/internal/shells/cmd.go:24.21,27.38 2 1
github.com/nattadasu/genv/internal/shells/cmd.go:27.38,30.35 2 2
github.com/nattadasu/genv/internal/shells/cmd.go:30.35,32.6 1 1
github.com/nattadasu/genv/internal/shells/cmd.go:32.11,34.6 1 1
github.com/nattadasu/genv/internal/shells/cmd.go:36.4,37.69 2 1
github.com/nattadasu/genv/internal/shells/cmd.go:38.9,41.4 2 1
github.com/nattadasu/genv/internal/shells/cmd.go:44.2,44.20 1 1
github.com/nattadasu/genv/internal/shells/cmd.go:47.95,49.2 1 0
github.com/nattadasu/genv/internal/shells/csh.go:15.34,16.23 1 1
github.com/nattadasu/genv/internal/shells/csh.go:16.23,18.3 1 1
github.com/nattadasu/genv/internal/shells/csh.go:19.2,19.14 1 0
github.com/nattadasu/genv/internal/shells/csh.go:22.58,27.30 4 1
github.com/nattadasu/genv/internal/shells/csh.go:27.30,28.21 1 2
github.com/nattadasu/genv/internal/shells/csh.go:28.21,31.38 2 1
github.com/nattadasu/genv/internal/shells/csh.go:31.38,34.35 2 2
github.com/nattadasu/genv/internal/shells/csh.go:34.35,36.6 1 1
github.com/nattadasu/genv/internal/shells/csh.go:36.11,38.6 1 1
github.com/nattadasu/genv/internal/shells/csh.go:40.4,41.89 2 1
github.com/nattadasu/genv/internal/shells/csh.go:42.9,45.4 2 1
github.com/nattadasu/genv/internal/shells/csh.go:48.2,48.20 1 1
github.com/nattadasu/genv/internal/shells/csh.go:51.39,56.2 4 3
github.com/nattadasu/genv/internal/shells/csh.go:58.95,60.2 1 0
github.com/nattadasu/genv/internal/shells/fish.go:13.35,15.2 1 0
github.com/nattadasu/genv/internal/shells/fish.go:17.59,22.30 4 1
github.com/nattadasu/genv/internal/shells/fish.go:22.30,23.21 1 2
github.com/nattadasu/genv/internal/shells/fish.go:23.21,26.38 2 1
github.com/nattadasu/genv/internal/shells/fish.go:26.38,29.35 2 2
github.com/nattadasu/genv/internal/shells/fish.go:29.35,31.6 1 1
github.com/nattadasu/genv/internal/shells/fish.go:31.11,34.6 1 1
github.com/nattadasu/genv/internal/shells/fish.go:36.4,37.69 2 1
github.com/nattadasu/genv/internal/shells/fish.go:38.9,41.4 2 1
github.com/nattadasu/genv/internal/shells/fish.go:44.2,44.20 1 1
github.com/nattadasu/genv/internal/shells/fish.go:47.40,51.2 3 3
github.com/nattadasu/genv/internal/shells/fish.go:53.96,55.2 1 0
github.com/nattadasu/genv/internal/shells/ion.go:13.34,15.2 1 0
github.com/nattadasu/genv/internal/shells/ion.go:17.58,19.2 1 1
github.com/nattadasu/genv/internal/shells/ion.go:21.95,26.30 4 1
github.com/nattadasu/genv/internal/shells/ion.go:26.30,27.21 1 2
github.com/nattadasu/genv/internal/shells/ion.go:27.21,30.38 2 1
github.com/nattadasu/genv/internal/shells/ion.go:30.38,32.27 2 2
github.com/nattadasu/genv/internal/shells/ion.go:32.27,34.6 1 0
github.com/nattadasu/genv/internal/shells/ion.go:34.11,36.6 1 2
github.com/nattadasu/genv/internal/shells/ion.go:38.5,38.35 1 2
github.com/nattadasu/genv/internal/shells/ion.go:38.35,40.6 1 0
github.com/nattadasu/genv/internal/shells/ion.go:40.11,42.6 1 2
github.com/nattadasu/genv/internal/shells/ion.go:44.4,45.72 2 1
github.com/nattadasu/genv/internal/shells/ion.go:46.9,48.26 2 1
github.com/nattadasu/genv/internal/shells/ion.go:48.26,50.5 1 0
github.com/nattadasu/genv/internal/shells/ion.go:50.10,52.5 1 1
github.com/nattadasu/genv/internal/shells/ion.go:53.4,53.92 1 1
github.com/nattadasu/genv/internal/shells/ion.go:57.2,57.20 1 1
github.com/nattadasu/genv/internal/shells/ion.go:60.39,64.2 3 3
github.com/nattadasu/genv/internal/shells/nushell.go:13.38,15.2 1 0
github.com/nattadasu/genv/internal/shells/nushell.go:17.62,22.30 4 1
github.com/nattadasu/genv/internal/shells/nushell.go:22.30,23.21 1 2
github.com/nattadasu/genv/internal/shells/nushell.go:23.21,26.38 2 1
github.com/nattadasu/genv/internal/shells/nushell.go:26.38,29.35 2 2
github.com/nattadasu/genv/internal/shells/nushell.go:29.35,31.6 1 1
github.com/nattadasu/genv/internal/shells/nushell.go:31.11,33.6 1 1
github.com/nattadasu/genv/internal/shells/nushell.go:35.4,36.70 2 1
github.com/nattadasu/genv/internal/shells/nushell.go:37.9,40.4 2 1
github.com/nattadasu/genv/internal/shells/nushell.go:43.2,43.20 1 1
github.com/nattadasu/genv/internal/shells/nushell.go:46.43,50.2 3 2
github.com/nattadasu/genv/internal/shells/nushell.go:52.99,54.2 1 0
github.com/nattadasu/genv/internal/shells/posix.go:15.36,16.23 1 1
github.com/nattadasu/genv/internal/shells/posix.go:16.23,18.3 1 1
github.com/nattadasu/genv/internal/shells/posix.go:19.2,19.16 1 0
github.com/nattadasu/genv/internal/shells/posix.go:22.60,24.2 1 1
github.com/nattadasu/genv/internal/shells/posix.go:26.97,31.30 4 1
github.com/nattadasu/genv/internal/shells/posix.go:31.30,32.21 1 2
github.com/nattadasu/genv/internal/shells/posix.go:32.21,35.38 2 1
github.com/nattadasu/genv/internal/shells/posix.go:35.38,37.27 2 2
github.com/nattadasu/genv/internal/shells/posix.go:37.27,39.6 1 0
github.com/nattadasu/genv/internal/shells/posix.go:39.11,41.6 1 2
github.com/nattadasu/genv/internal/shells/posix.go:43.5,43.35 1 2
github.com/nattadasu/genv/internal/shells/posix.go:43.35,45.6 1 1
github.com/nattadasu/genv/internal/shells/posix.go:45.11,47.6 1 1
github.com/nattadasu/genv/internal/shells/posix.go:49.4,50.72 2 1
github.com/nattadasu/genv/internal/shells/posix.go:51.9,53.26 2 1
github.com/nattadasu/genv/internal/shells/posix.go:53.26,55.5 1 0
github.com/nattadasu/genv/internal/shells/posix.go:55.10,57.5 1 1
github.com/nattadasu/genv/internal/shells/posix.go:58.4,58.89 1 1
github.com/nattadasu/genv/internal/shells/posix.go:62.2,62.20 1 1
github.com/nattadasu/genv/internal/shells/posix.go:65.37,66.31 1 1
github.com/nattadasu/genv/internal/shells/posix.go:66.31,68.3 1 0
github.com/nattadasu/genv/internal/shells/posix.go:69.2,69.10 1 1
github.com/nattadasu/genv/internal/shells/posix.go:72.36,74.2 1 1
github.com/nattadasu/genv/internal/shells/powershell.go:14.36,16.2 1 0
github.com/nattadasu/genv/internal/shells/powershell.go:18.60,20.2 1 1
github.com/nattadasu/genv/internal/shells/powershell.go:22.97,29.31 5 1
github.com/nattadasu/genv/internal/shells/powershell.go:29.31,31.3 1 0
github.com/nattadasu/genv/internal/shells/powershell.go:33.2,33.30 1 1
github.com/nattadasu/genv/internal/shells/powershell.go:33.30,34.21 1 2
github.com/nattadasu/genv/internal/shells/powershell.go:34.21,36.38 2 1
github.com/nattadasu/genv/internal/shells/powershell.go:36.38,38.27 2 2
github.com/nattadasu/genv/internal/shells/powershell.go:38.27,40.6 1 0
github.com/nattadasu/genv/internal/shells/powershell.go:40.11,42.6 1 2
github.com/nattadasu/genv/internal/shells/powershell.go:44.5,44.35 1 2
github.com/nattadasu/genv/internal/shells/powershell.go:44.35,46.6 1 1
github.com/nattadasu/genv/internal/shells/powershell.go:46.11,48.6 1 1
github.com/nattadasu/genv/internal/shells/powershell.go:51.4,52.74 2 1
github.com/nattadasu/genv/internal/shells/powershell.go:52.74,54.5 1 0
github.com/nattadasu/genv/internal/shells/powershell.go:54.10,56.5 1 1
github.com/nattadasu/genv/internal/shells/powershell.go:58.4,59.72 2 1
github.com/nattadasu/genv/internal/shells/powershell.go:60.9,62.26 2 1
github.com/nattadasu/genv/internal/shells/powershell.go:62.26,64.5 1 0
github.com/nattadasu/genv/internal/shells/powershell.go:64.10,66.5 1 1
github.com/nattadasu/genv/internal/shells/powershell.go:67.4,67.99 1 1
github.com/nattadasu/genv/internal/shells/powershell.go:71.2,71.20 1 1
github.com/nattadasu/genv/internal/shells/powershell.go:74.46,78.66 3 3
github.com/nattadasu/genv/internal/shells/powershell.go:78.66,80.3 1 3
github.com/nattadasu/genv/internal/shells/powershell.go:81.2,81.10 1 3
github.com/nattadasu/genv/internal/shells/rc.go:13.33,15.2 1 0
github.com/nattadasu/genv/internal/shells/rc.go:17.57,22.30 4 1
github.com/nattadasu/genv/internal/shells/rc.go:22.30,23.21 1 2
github.com/nattadasu/genv/internal/shells/rc.go:23.21,26.38 2 1
github.com/nattadasu/genv/internal/shells/rc.go:26.38,29.35 2 2
github.com/nattadasu/genv/internal/shells/rc.go:29.35,31.6 1 1
github.com/nattadasu/genv/internal/shells/rc.go:31.11,33.6 1 1
github.com/nattadasu/genv/internal/shells/rc.go:35.4,36.63 2 1
github.com/nattadasu/genv/internal/shells/rc.go:37.9,40.4 2 1
github.com/nattadasu/genv/internal/shells/rc.go:43.2,43.20 1 1
github.com/nattadasu/genv/internal/shells/rc.go:46.38,48.30 1 1
github.com/nattadasu/genv/internal/shells/rc.go:48.30,50.3 1 0
github.com/nattadasu/genv/internal/shells/rc.go:51.2,51.22 1 1
github.com/nattadasu/genv/internal/shells/rc.go:54.44,56.2 1 1
github.com/nattadasu/genv/internal/shells/rc.go:58.94,60.2 1 0
github.com/nattadasu/genv/internal/shells/shells.go:18.43,19.31 1 13
github.com/nattadasu/genv/internal/shells/shells.go:20.41,21.43 1 3
github.com/nattadasu/genv/internal/shells/shells.go:22.14,23.27 1 1
github.com/nattadasu/genv/internal/shells/shells.go:24.28,25.28 1 1
github.com/nattadasu/genv/internal/shells/shells.go:26.23,27.30 1 1
github.com/nattadasu/genv/internal/shells/shells.go:28.15,29.28 1 1
github.com/nattadasu/genv/internal/shells/shells.go:30.21,31.41 1 2
github.com/nattadasu/genv/internal/shells/shells.go:32.22,33.26 1 1
github.com/nattadasu/genv/internal/shells/shells.go:34.13,35.26 1 1
github.com/nattadasu/genv/internal/shells/shells.go:36.12,37.25 1 1
github.com/nattadasu/genv/internal/shells/shells.go:38.10,39.56 1 1
github.com/nattadasu/genv/internal/shells/shells.go:44.36,50.2 1 1
github.com/nattadasu/genv/internal/shells/xonsh.go:13.36,15.2 1 0
github.com/nattadasu/genv/internal/shells/xonsh.go:17.60,19.2 1 1
github.com/nattadasu/genv/internal/shells/xonsh.go:21.97,26.30 4 1
github.com/nattadasu/genv/internal/shells/xonsh.go:26.30,27.21 1 2
github.com/nattadasu/genv/internal/shells/xonsh.go:27.21,30.38 2 1
github.com/nattadasu/genv/internal/shells/xonsh.go:30.38,32.27 2 2
github.com/nattadasu/genv/internal/shells/xonsh.go:32.27,34.6 1 0
github.com/nattadasu/genv/internal/shells/xonsh.go:34.11,36.6 1 2
github.com/nattadasu/genv/internal/shells/xonsh.go:38.5,38.35 1 2
github.com/nattadasu/genv/internal/shells/xonsh.go:38.35,41.6 1 0
github.com/nattadasu/genv/internal/shells/xonsh.go:41.11,43.6 1 2
github.com/nattadasu/genv/internal/shells/xonsh.go:45.4,46.66 2 1
github.com/nattadasu/genv/internal/shells/xonsh.go:47.9,49.26 2 1
github.com/nattadasu/genv/internal/shells/xonsh.go:49.26,51.5 1 0
github.com/nattadasu/genv/internal/shells/xonsh.go:51.10,53.5 1 1
github.com/nattadasu/genv/internal/shells/xonsh.go:54.4,54.88 1 1
github.com/nattadasu/genv/internal/shells/xonsh.go:58.2,58.20 1 1
github.com/nattadasu/genv/internal/shells/xonsh.go:61.41,65.2 3 3
